  Snake.cpp
C:\Users\santi\OneDrive\Escritorio\C++ Juegos\Juegos\OLC_PixelGameEngine\Snake\Snake\Snake.cpp(99,60): warning C4244: '=': conversión de 'int' a 'float'; posible pérdida de datos
C:\Users\santi\OneDrive\Escritorio\C++ Juegos\Juegos\OLC_PixelGameEngine\Snake\Snake\Snake.cpp(100,71): warning C4244: '=': conversión de 'int' a 'float'; posible pérdida de datos
C:\Users\santi\OneDrive\Escritorio\C++ Juegos\Juegos\OLC_PixelGameEngine\Snake\Snake\Snake.cpp(107,36): warning C4244: 'argumento': conversión de 'float' a 'int32_t'; posible pérdida de datos
C:\Users\santi\OneDrive\Escritorio\C++ Juegos\Juegos\OLC_PixelGameEngine\Snake\Snake\Snake.cpp(107,25): warning C4244: 'argumento': conversión de 'float' a 'int32_t'; posible pérdida de datos
C:\Users\santi\OneDrive\Escritorio\C++ Juegos\Juegos\OLC_PixelGameEngine\Snake\Snake\Snake.cpp(119,60): warning C4244: '=': conversión de 'int' a 'float'; posible pérdida de datos
C:\Users\santi\OneDrive\Escritorio\C++ Juegos\Juegos\OLC_PixelGameEngine\Snake\Snake\Snake.cpp(120,71): warning C4244: '=': conversión de 'int' a 'float'; posible pérdida de datos
C:\Users\santi\OneDrive\Escritorio\C++ Juegos\Juegos\OLC_PixelGameEngine\Snake\Snake\Snake.cpp(170,64): warning C4244: '=': conversión de 'int' a 'float'; posible pérdida de datos
C:\Users\santi\OneDrive\Escritorio\C++ Juegos\Juegos\OLC_PixelGameEngine\Snake\Snake\Snake.cpp(171,78): warning C4244: '=': conversión de 'int' a 'float'; posible pérdida de datos
C:\Users\santi\OneDrive\Escritorio\C++ Juegos\Juegos\OLC_PixelGameEngine\Snake\Snake\Snake.cpp(195,72): warning C4244: '=': conversión de 'int' a 'float'; posible pérdida de datos
C:\Users\santi\OneDrive\Escritorio\C++ Juegos\Juegos\OLC_PixelGameEngine\Snake\Snake\Snake.cpp(196,86): warning C4244: '=': conversión de 'int' a 'float'; posible pérdida de datos
C:\Users\santi\OneDrive\Escritorio\C++ Juegos\Juegos\OLC_PixelGameEngine\Snake\Snake\Snake.cpp(214,27): warning C4018: '<': no coinciden signed/unsigned
C:\Users\santi\OneDrive\Escritorio\C++ Juegos\Juegos\OLC_PixelGameEngine\Snake\Snake\Snake.cpp(252,86): warning C4244: 'argumento': conversión de 'double' a 'DWORD'; posible pérdida de datos
C:\Users\santi\OneDrive\Escritorio\C++ Juegos\Juegos\OLC_PixelGameEngine\Snake\Snake\Snake.cpp(292,60): warning C4244: 'argumento': conversión de 'T' a 'int32_t'; posible pérdida de datos
          with
          [
              T=float
          ]
C:\Users\santi\OneDrive\Escritorio\C++ Juegos\Juegos\OLC_PixelGameEngine\Snake\Snake\Snake.cpp(292,39): warning C4244: 'argumento': conversión de 'T' a 'int32_t'; posible pérdida de datos
          with
          [
              T=float
          ]
  Snake.vcxproj -> C:\Users\santi\OneDrive\Escritorio\C++ Juegos\Juegos\OLC_PixelGameEngine\Snake\Debug\Snake.exe
